<?xml version="1.0" encoding="UTF-8"?>
<!-- Generated by org.testng.reporters.JUnitReportReporter -->
<testsuite hostname="DESKTOP-9PA8N0S" failures="0" tests="6" name="Runner_files.Services_positive_scenario_runner" time="0.807" errors="6" timestamp="2021-05-04T11:53:18 IST" skipped="0">
  <testcase classname="Runner_files.Services_positive_scenario_runner" name="runScenario" time="0.027">
    <error message="Filepath is not specified in the Config.properties" type="java.lang.RuntimeException">
      <![CDATA[java.lang.RuntimeException: Filepath is not specified in the Config.properties
at Reusable_functions.Generic_functions.getFilepath(Generic_functions.java:121)
at Reusable_functions.Generic_functions.OR_reader(Generic_functions.java:139)
at Reusable_functions.Generic_functions.click(Generic_functions.java:201)
at Services_positive_scenario.Services_positive_scenario.user_is_on_services_page(Services_positive_scenario.java:46)
at ✽.User is on Services page(file:///C:/Users/LENOVO/eclipse-workspace/Integrated_Framework_Mobile/src/main/java/Services_positive_scenario/Services_positive_scenario.feature:12)
]]>
    </error>
  </testcase> <!-- runScenario -->
  <system-out/>
  <testcase classname="Runner_files.Services_positive_scenario_runner" name="runScenario" time="0.045">
    <error message="Filepath is not specified in the Config.properties" type="java.lang.RuntimeException">
      <![CDATA[java.lang.RuntimeException: Filepath is not specified in the Config.properties
at Reusable_functions.Generic_functions.getFilepath(Generic_functions.java:121)
at Reusable_functions.Generic_functions.OR_reader(Generic_functions.java:139)
at Reusable_functions.Generic_functions.click(Generic_functions.java:201)
at Services_positive_scenario.Services_positive_scenario.user_is_on_services_page(Services_positive_scenario.java:46)
at ✽.User is on Services page(file:///C:/Users/LENOVO/eclipse-workspace/Integrated_Framework_Mobile/src/main/java/Services_positive_scenario/Services_positive_scenario.feature:8)
]]>
    </error>
  </testcase> <!-- runScenario -->
  <system-out/>
  <testcase classname="Runner_files.Services_positive_scenario_runner" name="runScenario" time="0.034">
    <error message="Filepath is not specified in the Config.properties" type="java.lang.RuntimeException">
      <![CDATA[java.lang.RuntimeException: Filepath is not specified in the Config.properties
at Reusable_functions.Generic_functions.getFilepath(Generic_functions.java:121)
at Reusable_functions.Generic_functions.OR_reader(Generic_functions.java:139)
at Reusable_functions.Generic_functions.click(Generic_functions.java:201)
at Services_positive_scenario.Services_positive_scenario.user_is_on_services_page(Services_positive_scenario.java:46)
at ✽.User is on Services page(file:///C:/Users/LENOVO/eclipse-workspace/Integrated_Framework_Mobile/src/main/java/Services_positive_scenario/Services_positive_scenario.feature:16)
]]>
    </error>
  </testcase> <!-- runScenario -->
  <system-out/>
  <testcase classname="Runner_files.Services_positive_scenario_runner" name="runScenario" time="0.025">
    <error message="Filepath is not specified in the Config.properties" type="java.lang.RuntimeException">
      <![CDATA[java.lang.RuntimeException: Filepath is not specified in the Config.properties
at Reusable_functions.Generic_functions.getFilepath(Generic_functions.java:121)
at Reusable_functions.Generic_functions.OR_reader(Generic_functions.java:139)
at Reusable_functions.Generic_functions.click(Generic_functions.java:201)
at Services_positive_scenario.Services_positive_scenario.user_is_on_services_page(Services_positive_scenario.java:46)
at ✽.User is on Services page(file:///C:/Users/LENOVO/eclipse-workspace/Integrated_Framework_Mobile/src/main/java/Services_positive_scenario/Services_positive_scenario.feature:24)
]]>
    </error>
  </testcase> <!-- runScenario -->
  <system-out/>
  <testcase classname="Runner_files.Services_positive_scenario_runner" name="runScenario" time="0.634">
    <error message="The step &quot;User is on home page and clicks on Services tab&quot; is undefined. You can implement it using the snippet(s) below:

@Given(&quot;User is on home page and clicks on Services tab&quot;)
public void user_is_on_home_page_and_clicks_on_services_tab() {
    // Write code here that turns the phrase above into concrete actions
    throw new io.cucumber.java.PendingException();
}
" type="io.cucumber.testng.UndefinedStepException">
      <![CDATA[io.cucumber.testng.UndefinedStepException: The step "User is on home page and clicks on Services tab" is undefined. You can implement it using the snippet(s) below:

@Given("User is on home page and clicks on Services tab")
public void user_is_on_home_page_and_clicks_on_services_tab() {
    // Write code here that turns the phrase above into concrete actions
    throw new io.cucumber.java.PendingException();
}

at io.cucumber.core.runtime.TestCaseResultObserver.assertTestCasePassed(TestCaseResultObserver.java:102)
at io.cucumber.testng.TestCaseResultObserver.assertTestCasePassed(TestCaseResultObserver.java:23)
at io.cucumber.testng.TestNGCucumberRunner.lambda$runScenario$0(TestNGCucumberRunner.java:117)
at io.cucumber.core.runtime.CucumberExecutionContext.runTestCase(CucumberExecutionContext.java:117)
at io.cucumber.testng.TestNGCucumberRunner.runScenario(TestNGCucumberRunner.java:113)
at io.cucumber.testng.AbstractTestNGCucumberTests.runScenario(AbstractTestNGCucumberTests.java:31)
at java.base/jdk.internal.reflect.NativeMethodAccessorImpl.invoke0(Native Method)
at java.base/jdk.internal.reflect.NativeMethodAccessorImpl.invoke(NativeMethodAccessorImpl.java:64)
at java.base/jdk.internal.reflect.DelegatingMethodAccessorImpl.invoke(DelegatingMethodAccessorImpl.java:43)
at java.base/java.lang.reflect.Method.invoke(Method.java:564)
at org.testng.internal.MethodInvocationHelper.invokeMethod(MethodInvocationHelper.java:134)
at org.testng.internal.TestInvoker.invokeMethod(TestInvoker.java:597)
at org.testng.internal.TestInvoker.invokeTestMethod(TestInvoker.java:173)
at org.testng.internal.MethodRunner.runInSequence(MethodRunner.java:46)
at org.testng.internal.TestInvoker$MethodInvocationAgent.invoke(TestInvoker.java:816)
at org.testng.internal.TestInvoker.invokeTestMethods(TestInvoker.java:146)
at org.testng.internal.TestMethodWorker.invokeTestMethods(TestMethodWorker.java:146)
at org.testng.internal.TestMethodWorker.run(TestMethodWorker.java:128)
at java.base/java.util.ArrayList.forEach(ArrayList.java:1511)
at org.testng.TestRunner.privateRun(TestRunner.java:766)
at org.testng.TestRunner.run(TestRunner.java:587)
at org.testng.SuiteRunner.runTest(SuiteRunner.java:384)
at org.testng.SuiteRunner.runSequentially(SuiteRunner.java:378)
at org.testng.SuiteRunner.privateRun(SuiteRunner.java:337)
at org.testng.SuiteRunner.run(SuiteRunner.java:286)
at org.testng.SuiteRunnerWorker.runSuite(SuiteRunnerWorker.java:53)
at org.testng.SuiteRunnerWorker.run(SuiteRunnerWorker.java:96)
at org.testng.TestNG.runSuitesSequentially(TestNG.java:1187)
at org.testng.TestNG.runSuitesLocally(TestNG.java:1109)
at org.testng.TestNG.runSuites(TestNG.java:1039)
at org.testng.TestNG.run(TestNG.java:1007)
at org.testng.remote.AbstractRemoteTestNG.run(AbstractRemoteTestNG.java:115)
at org.testng.remote.RemoteTestNG.initAndRun(RemoteTestNG.java:251)
at org.testng.remote.RemoteTestNG.main(RemoteTestNG.java:77)
]]>
    </error>
  </testcase> <!-- runScenario -->
  <system-out/>
  <testcase classname="Runner_files.Services_positive_scenario_runner" name="runScenario" time="0.042">
    <error message="Filepath is not specified in the Config.properties" type="java.lang.RuntimeException">
      <![CDATA[java.lang.RuntimeException: Filepath is not specified in the Config.properties
at Reusable_functions.Generic_functions.getFilepath(Generic_functions.java:121)
at Reusable_functions.Generic_functions.OR_reader(Generic_functions.java:139)
at Reusable_functions.Generic_functions.click(Generic_functions.java:201)
at Services_positive_scenario.Services_positive_scenario.user_is_on_services_page(Services_positive_scenario.java:46)
at ✽.User is on Services page(file:///C:/Users/LENOVO/eclipse-workspace/Integrated_Framework_Mobile/src/main/java/Services_positive_scenario/Services_positive_scenario.feature:20)
]]>
    </error>
  </testcase> <!-- runScenario -->
  <system-out/>
</testsuite> <!-- Runner_files.Services_positive_scenario_runner -->
